<?xml version="1.0" encoding="UTF-8"?>
<!-- Generated by org.testng.reporters.JUnitReportReporter -->
<testsuite hostname="DESKTOP-C4MOHRM" failures="0" tests="1" name="testcases.logintestcase" time="0.006" errors="0" timestamp="2025-07-24T18:35:05 IST" skipped="0">
  <testcase classname="testcases.logintestcase" name="login" time="0.006"/>
</testsuite> <!-- testcases.logintestcase -->
